2021-10-29 10:25:33,751 - [test_login.py-->line:35] - INFO:用例---[登录成功]----执行成功
2021-10-29 10:25:33,799 - [test_login.py-->line:35] - INFO:用例---[账号为空]----执行成功
2021-10-29 10:25:33,849 - [test_login.py-->line:35] - INFO:用例---[密码为空]----执行成功
2021-10-29 10:25:33,896 - [test_login.py-->line:35] - INFO:用例---[密码错误]----执行成功
2021-10-29 10:25:33,971 - [test_regsiter.py-->line:29] - INFO:用例---[注册成功]----执行通过
2021-10-29 10:25:34,021 - [test_regsiter.py-->line:29] - INFO:用例---[账户已存在]----执行通过
2021-10-29 10:25:34,076 - [test_regsiter.py-->line:29] - INFO:用例---[两次密码不一致]----执行通过
2021-10-29 10:25:34,126 - [test_regsiter.py-->line:29] - INFO:用例---[密码必须在6-18位之间]----执行通过
2021-10-29 10:25:34,181 - [test_regsiter.py-->line:29] - INFO:用例---[所有参数不能为空]----执行通过
2021-10-29 10:26:07,972 - [test_login.py-->line:35] - INFO:用例---[登录成功]----执行成功
2021-10-29 10:26:08,177 - [test_login.py-->line:35] - INFO:用例---[账号为空]----执行成功
2021-10-29 10:26:08,253 - [test_login.py-->line:35] - INFO:用例---[密码为空]----执行成功
2021-10-29 10:26:08,312 - [test_login.py-->line:35] - INFO:用例---[密码错误]----执行成功
2021-10-29 10:26:08,367 - [test_regsiter.py-->line:29] - INFO:用例---[注册成功]----执行通过
2021-10-29 10:26:08,416 - [test_regsiter.py-->line:24] - ERROR:用例---[账户已存在]----执行失败
2021-10-29 10:26:08,416 - [test_regsiter.py-->line:25] - ERROR:{'code': 0, 'msg': '账户已存在'} != {'code': 1, 'msg': '注册成功'}
- {'code': 0, 'msg': '账户已存在'}
?          ^          ^^^^^

+ {'code': 1, 'msg': '注册成功'}
?          ^          ^^^^
Traceback (most recent call last):
  File "F:\pythonlearn\pylmb\testcase\test_regsiter.py", line 21, in test_regsiter
    self.assertEqual(excepted, res)
  File "F:\Python\lib\unittest\case.py", line 831, in assertEqual
    assertion_func(first, second, msg=msg)
  File "F:\Python\lib\unittest\case.py", line 1130, in assertDictEqual
    self.fail(self._formatMessage(msg, standardMsg))
  File "F:\Python\lib\unittest\case.py", line 670, in fail
    raise self.failureException(msg)
AssertionError: {'code': 0, 'msg': '账户已存在'} != {'code': 1, 'msg': '注册成功'}
- {'code': 0, 'msg': '账户已存在'}
?          ^          ^^^^^

+ {'code': 1, 'msg': '注册成功'}
?          ^          ^^^^

2021-10-29 10:26:08,470 - [test_regsiter.py-->line:29] - INFO:用例---[两次密码不一致]----执行通过
2021-10-29 10:26:08,523 - [test_regsiter.py-->line:29] - INFO:用例---[密码必须在6-18位之间]----执行通过
2021-10-29 10:26:08,571 - [test_regsiter.py-->line:29] - INFO:用例---[所有参数不能为空]----执行通过
